npm verb cli C:\Program Files\nodejs\node.exe C:\Program Files\nodejs\node_modules\npm\bin\npm-cli.js
npm info using npm@9.5.0
npm info using node@v18.14.2
npm verb title npm install
npm verb argv "install" "--legacy-peer-deps" "--loglevel" "verbose"
npm verb logfile logs-max:10 dir:C:\Users\LENOVO\AppData\Local\npm-cache\_logs\2023-10-04T06_30_45_369Z-
npm verb logfile C:\Users\LENOVO\AppData\Local\npm-cache\_logs\2023-10-04T06_30_45_369Z-debug-0.log
npm http fetch GET 200 https://registry.npmjs.org/cypress 18ms (cache hit)
npm http fetch GET 200 https://registry.npmjs.org/cypress-cucumber-preprocessor 8ms (cache hit)
npm http fetch GET 200 https://registry.npmjs.org/cypress-xpath 8ms (cache hit)
npm http fetch GET 200 https://registry.npmjs.org/browserstack-cypress-cli 7ms (cache hit)
npm http fetch GET 200 https://registry.npmjs.org/async 301ms (cache hit)
npm http fetch GET 200 https://registry.npmjs.org/chalk 303ms (cache hit)
npm http fetch GET 200 https://registry.npmjs.org/archiver 308ms (cache hit)
npm http fetch GET 200 https://registry.npmjs.org/getmac 306ms (cache hit)
npm http fetch GET 200 https://registry.npmjs.org/fs-extra 310ms (cache hit)
npm http fetch GET 200 https://registry.npmjs.org/git-last-commit 310ms (cache hit)
npm http fetch GET 200 https://registry.npmjs.org/git-repo-info 308ms (cache hit)
npm http fetch GET 200 https://registry.npmjs.org/request 306ms (cache hit)
npm http fetch GET 200 https://registry.npmjs.org/requestretry 308ms (cache hit)
npm http fetch GET 200 https://registry.npmjs.org/glob 310ms (cache hit)
npm http fetch GET 200 https://registry.npmjs.org/cli-progress 320ms (cache hit)
npm http fetch GET 200 https://registry.npmjs.org/gitconfiglocal 316ms (cache hit)
npm http fetch GET 200 https://registry.npmjs.org/mocha 316ms (cache hit)
npm http fetch GET 200 https://registry.npmjs.org/node-ipc 319ms (cache hit)
npm http fetch GET 200 https://registry.npmjs.org/winston 317ms (cache hit)
npm http fetch GET 200 https://registry.npmjs.org/update-notifier 321ms (cache hit)
npm http fetch GET 200 https://registry.npmjs.org/@cypress%2fxvfb 316ms (cache hit)
npm http fetch GET 200 https://registry.npmjs.org/table 323ms (cache hit)
npm http fetch GET 200 https://registry.npmjs.org/decompress 321ms (cache hit)
npm http fetch GET 200 https://registry.npmjs.org/@cypress%2frequest 321ms (cache hit)
npm http fetch GET 200 https://registry.npmjs.org/@types%2fsinonjs__fake-timers 318ms (cache hit)
npm http fetch GET 200 https://registry.npmjs.org/windows-release 325ms (cache hit)
npm http fetch GET 200 https://registry.npmjs.org/@types%2fsizzle 318ms (cache hit)
npm http fetch GET 200 https://registry.npmjs.org/buffer 317ms (cache hit)
npm http fetch GET 200 https://registry.npmjs.org/arch 321ms (cache hit)
npm http fetch GET 200 https://registry.npmjs.org/chalk 317ms (cache hit)
npm http fetch GET 200 https://registry.npmjs.org/cli-table3 317ms (cache hit)
npm http fetch GET 200 https://registry.npmjs.org/cachedir 321ms (cache hit)
npm http fetch GET 200 https://registry.npmjs.org/yargs 330ms (cache hit)
npm http fetch GET 200 https://registry.npmjs.org/blob-util 326ms (cache hit)
npm http fetch GET 200 https://registry.npmjs.org/cli-cursor 323ms (cache hit)
npm http fetch GET 200 https://registry.npmjs.org/check-more-types 325ms (cache hit)
npm http fetch GET 200 https://registry.npmjs.org/debug 318ms (cache hit)
npm http fetch GET 200 https://registry.npmjs.org/bluebird 330ms (cache hit)
npm http fetch GET 200 https://registry.npmjs.org/executable 318ms (cache hit)
npm http fetch GET 200 https://registry.npmjs.org/extract-zip 318ms (cache hit)
npm http fetch GET 200 https://registry.npmjs.org/dayjs 325ms (cache hit)
npm http fetch GET 200 https://registry.npmjs.org/common-tags 329ms (cache hit)
npm http fetch GET 200 https://registry.npmjs.org/@types%2fnode 347ms (cache hit)
npm http fetch GET 200 https://registry.npmjs.org/eventemitter2 353ms (cache hit)
npm http fetch GET 200 https://registry.npmjs.org/enquirer 355ms (cache hit)
npm http fetch GET 200 https://registry.npmjs.org/execa 354ms (cache hit)
npm http fetch GET 200 https://registry.npmjs.org/commander 363ms (cache hit)
npm http fetch GET 200 https://registry.npmjs.org/is-ci 352ms (cache hit)
npm http fetch GET 200 https://registry.npmjs.org/getos 354ms (cache hit)
npm http fetch GET 200 https://registry.npmjs.org/is-installed-globally 353ms (cache hit)
npm http fetch GET 200 https://registry.npmjs.org/fs-extra 357ms (cache hit)
npm http fetch GET 200 https://registry.npmjs.org/figures 360ms (cache hit)
npm http fetch GET 200 https://registry.npmjs.org/ospath 341ms (cache hit)
npm http fetch GET 200 https://registry.npmjs.org/lazy-ass 348ms (cache hit)
npm http fetch GET 200 https://registry.npmjs.org/pretty-bytes 342ms (cache hit)
npm http fetch GET 200 https://registry.npmjs.org/lodash 347ms (cache hit)
npm http fetch GET 200 https://registry.npmjs.org/log-symbols 347ms (cache hit)
npm http fetch GET 200 https://registry.npmjs.org/request-progress 346ms (cache hit)
npm http fetch GET 200 https://registry.npmjs.org/process 349ms (cache hit)
npm http fetch GET 200 https://registry.npmjs.org/proxy-from-env 349ms (cache hit)
npm http fetch GET 200 https://registry.npmjs.org/minimist 353ms (cache hit)
npm http fetch GET 200 https://registry.npmjs.org/@cypress%2fbrowserify-preprocessor 342ms (cache hit)
npm http fetch GET 200 https://registry.npmjs.org/untildify 347ms (cache hit)
npm http fetch GET 200 https://registry.npmjs.org/semver 352ms (cache hit)
npm http fetch GET 200 https://registry.npmjs.org/supports-color 353ms (cache hit)
npm http fetch GET 200 https://registry.npmjs.org/yauzl 355ms (cache hit)
npm http fetch GET 200 https://registry.npmjs.org/debug 343ms (cache hit)
npm http fetch GET 200 https://registry.npmjs.org/tmp 360ms (cache hit)
npm http fetch GET 200 https://registry.npmjs.org/cosmiconfig 354ms (cache hit)
npm http fetch GET 200 https://registry.npmjs.org/dargs 350ms (cache hit)
npm http fetch GET 200 https://registry.npmjs.org/listr2 377ms (cache hit)
npm http fetch GET 200 https://registry.npmjs.org/chai 369ms (cache hit)
npm http fetch GET 200 https://registry.npmjs.org/chokidar 370ms (cache hit)
npm http fetch GET 200 https://registry.npmjs.org/cucumber-expressions 369ms (cache hit)
npm http fetch GET 200 https://registry.npmjs.org/glob 361ms (cache hit)
npm http fetch GET 200 https://registry.npmjs.org/gherkin 367ms (cache hit)
npm http fetch GET 200 https://registry.npmjs.org/cucumber 379ms (cache hit)
npm http fetch GET 200 https://registry.npmjs.org/js-string-escape 374ms (cache hit)
npm http fetch GET 200 https://registry.npmjs.org/minimist 373ms (cache hit)
npm http fetch GET 200 https://registry.npmjs.org/cucumber-tag-expressions 385ms (cache hit)
npm http fetch GET 200 https://registry.npmjs.org/through 374ms (cache hit)
npm http fetch GET 200 https://registry.npmjs.org/mkdirp 456ms (cache hit)
npm http fetch GET 200 https://registry.npmjs.org/uuid 455ms (cache hit)
npm http fetch GET 200 https://registry.npmjs.org/browserstack-local 467ms (cache hit)
npm http fetch GET 200 https://registry.npmjs.org/https-proxy-agent 386ms (cache hit)
npm http fetch GET 200 https://registry.npmjs.org/readdir-glob 393ms (cache hit)
npm http fetch GET 200 https://registry.npmjs.org/is-running 389ms (cache hit)
npm http fetch GET 200 https://registry.npmjs.org/buffer-crc32 414ms (cache hit)
npm http fetch GET 200 https://registry.npmjs.org/archiver-utils 416ms (cache hit)
npm http fetch GET 200 https://registry.npmjs.org/ansi-styles 404ms (cache hit)
npm http fetch GET 200 https://registry.npmjs.org/temp-fs 408ms (cache hit)
npm http fetch GET 200 https://registry.npmjs.org/tar-stream 417ms (cache hit)
npm http fetch GET 200 https://registry.npmjs.org/zip-stream 418ms (cache hit)
npm http fetch GET 200 https://registry.npmjs.org/decompress-targz 402ms (cache hit)
npm http fetch GET 200 https://registry.npmjs.org/readable-stream 425ms (cache hit)
npm http fetch GET 200 https://registry.npmjs.org/agent-base 419ms (cache hit)
npm http fetch GET 200 https://registry.npmjs.org/decompress-tar 413ms (cache hit)
npm http fetch GET 200 https://registry.npmjs.org/string-width 419ms (cache hit)
npm http fetch GET 200 https://registry.npmjs.org/decompress-tarbz2 416ms (cache hit)
npm http fetch GET 200 https://registry.npmjs.org/make-dir 412ms (cache hit)
npm http fetch GET 200 https://registry.npmjs.org/decompress-unzip 416ms (cache hit)
npm http fetch GET 200 https://registry.npmjs.org/universalify 411ms (cache hit)
npm http fetch GET 200 https://registry.npmjs.org/pify 419ms (cache hit)
npm http fetch GET 200 https://registry.npmjs.org/fs.realpath 413ms (cache hit)
npm http fetch GET 200 https://registry.npmjs.org/graceful-fs 422ms (cache hit)
npm http fetch GET 200 https://registry.npmjs.org/graceful-fs 430ms (cache hit)
npm http fetch GET 200 https://registry.npmjs.org/jsonfile 426ms (cache hit)
npm http fetch GET 200 https://registry.npmjs.org/inflight 423ms (cache hit)
npm http fetch GET 200 https://registry.npmjs.org/ini 426ms (cache hit)
npm http fetch GET 200 https://registry.npmjs.org/inherits 422ms (cache hit)
npm http fetch GET 200 https://registry.npmjs.org/strip-dirs 434ms (cache hit)
npm http fetch GET 200 https://registry.npmjs.org/ansi-colors 419ms (cache hit)
npm http fetch GET 200 https://registry.npmjs.org/path-is-absolute 421ms (cache hit)
npm http fetch GET 200 https://registry.npmjs.org/once 423ms (cache hit)
npm http fetch GET 200 https://registry.npmjs.org/browser-stdout 420ms (cache hit)
npm http fetch GET 200 https://registry.npmjs.org/minimatch 427ms (cache hit)
npm http fetch GET 200 https://registry.npmjs.org/he 418ms (cache hit)
npm http fetch GET 200 https://registry.npmjs.org/minimatch 417ms (cache hit)
npm http fetch GET 200 https://registry.npmjs.org/escape-string-regexp 423ms (cache hit)
npm http fetch GET 200 https://registry.npmjs.org/find-up 423ms (cache hit)
npm http fetch GET 200 https://registry.npmjs.org/js-yaml 422ms (cache hit)
npm http fetch GET 200 https://registry.npmjs.org/ms 420ms (cache hit)
npm http fetch GET 200 https://registry.npmjs.org/serialize-javascript 420ms (cache hit)
npm http fetch GET 200 https://registry.npmjs.org/yargs-unparser 416ms (cache hit)
npm http fetch GET 200 https://registry.npmjs.org/strip-json-comments 421ms (cache hit)
npm http fetch GET 200 https://registry.npmjs.org/diff 432ms (cache hit)
npm http fetch GET 200 https://registry.npmjs.org/nanoid 426ms (cache hit)
npm http fetch GET 200 https://registry.npmjs.org/ps-tree 475ms (cache hit)
npm http fetch GET 200 https://registry.npmjs.org/yargs-parser 424ms (cache hit)
npm http fetch GET 200 https://registry.npmjs.org/workerpool 427ms (cache hit)
npm http fetch GET 200 https://registry.npmjs.org/event-pubsub 425ms (cache hit)
npm http fetch GET 200 https://registry.npmjs.org/extend 413ms (cache hit)
npm http fetch GET 200 https://registry.npmjs.org/js-message 426ms (cache hit)
npm http fetch GET 200 https://registry.npmjs.org/aws-sign2 423ms (cache hit)
npm http fetch GET 200 https://registry.npmjs.org/js-queue 426ms (cache hit)
npm http fetch GET 200 https://registry.npmjs.org/caseless 417ms (cache hit)
npm http fetch GET 200 https://registry.npmjs.org/combined-stream 417ms (cache hit)
npm http fetch GET 200 https://registry.npmjs.org/forever-agent 416ms (cache hit)
npm http fetch GET 200 https://registry.npmjs.org/aws4 421ms (cache hit)
npm http fetch GET 200 https://registry.npmjs.org/http-signature 414ms (cache hit)
npm http fetch GET 200 https://registry.npmjs.org/form-data 418ms (cache hit)
npm http fetch GET 200 https://registry.npmjs.org/isstream 415ms (cache hit)
npm http fetch GET 200 https://registry.npmjs.org/is-typedarray 417ms (cache hit)
npm http fetch GET 200 https://registry.npmjs.org/json-stringify-safe 416ms (cache hit)
npm http fetch GET 200 https://registry.npmjs.org/har-validator 420ms (cache hit)
npm http fetch GET 200 https://registry.npmjs.org/extend 412ms (cache hit)
npm http fetch GET 200 https://registry.npmjs.org/string-width 411ms (cache hit)
npm http fetch GET 200 https://registry.npmjs.org/mime-types 420ms (cache hit)
npm http fetch GET 200 https://registry.npmjs.org/qs 423ms (cache hit)
npm http fetch GET 200 https://registry.npmjs.org/slice-ansi 422ms (cache hit)
npm http fetch GET 200 https://registry.npmjs.org/tough-cookie 427ms (cache hit)
npm http fetch GET 200 https://registry.npmjs.org/tunnel-agent 428ms (cache hit)
npm http fetch GET 200 https://registry.npmjs.org/oauth-sign 433ms (cache hit)
npm http fetch GET 200 https://registry.npmjs.org/safe-buffer 431ms (cache hit)
npm http fetch GET 200 https://registry.npmjs.org/pupa 423ms (cache hit)
npm http fetch GET 200 https://registry.npmjs.org/is-npm 427ms (cache hit)
npm http fetch GET 200 https://registry.npmjs.org/boxen 430ms (cache hit)
npm http fetch GET 200 https://registry.npmjs.org/has-yarn 431ms (cache hit)
npm http fetch GET 200 https://registry.npmjs.org/performance-now 440ms (cache hit)
npm http fetch GET 200 https://registry.npmjs.org/import-lazy 432ms (cache hit)
npm http fetch GET 200 https://registry.npmjs.org/ajv 437ms (cache hit)
npm http fetch GET 200 https://registry.npmjs.org/configstore 440ms (cache hit)
npm http fetch GET 200 https://registry.npmjs.org/is-yarn-global 439ms (cache hit)
npm http fetch GET 200 https://registry.npmjs.org/latest-version 439ms (cache hit)
npm http fetch GET 200 https://registry.npmjs.org/find-up 427ms (cache hit)
npm http fetch GET 200 https://registry.npmjs.org/cycle 432ms (cache hit)
npm http fetch GET 200 https://registry.npmjs.org/xdg-basedir 435ms (cache hit)
npm http fetch GET 200 https://registry.npmjs.org/semver-diff 436ms (cache hit)
npm http fetch GET 200 https://registry.npmjs.org/isstream 432ms (cache hit)
npm http fetch GET 200 https://registry.npmjs.org/stack-trace 433ms (cache hit)
npm http fetch GET 200 https://registry.npmjs.org/get-caller-file 431ms (cache hit)
npm http fetch GET 200 https://registry.npmjs.org/decamelize 433ms (cache hit)
npm http fetch GET 200 https://registry.npmjs.org/cliui 435ms (cache hit)
npm http fetch GET 200 https://registry.npmjs.org/colors 440ms (cache hit)
npm http fetch GET 200 https://registry.npmjs.org/require-main-filename 433ms (cache hit)
npm http fetch GET 200 https://registry.npmjs.org/eyes 440ms (cache hit)
npm http fetch GET 200 https://registry.npmjs.org/set-blocking 434ms (cache hit)
npm http fetch GET 200 https://registry.npmjs.org/require-directory 436ms (cache hit)
npm http fetch GET 200 https://registry.npmjs.org/yargs-parser 433ms (cache hit)
npm http fetch GET 200 https://registry.npmjs.org/y18n 436ms (cache hit)
npm http fetch GET 200 https://registry.npmjs.org/which-module 438ms (cache hit)
npm http fetch GET 200 https://registry.npmjs.org/lodash.flatten 34ms (cache hit)
npm http fetch GET 200 https://registry.npmjs.org/lazystream 36ms (cache hit)
npm http fetch GET 200 https://registry.npmjs.org/lodash.difference 34ms (cache hit)
npm http fetch GET 200 https://registry.npmjs.org/lodash.defaults 36ms (cache hit)
npm http fetch GET 200 https://registry.npmjs.org/normalize-path 33ms (cache hit)
npm http fetch GET 200 https://registry.npmjs.org/lodash.union 35ms (cache hit)
npm http fetch GET 200 https://registry.npmjs.org/lodash.isplainobject 36ms (cache hit)
npm http fetch GET 200 https://registry.npmjs.org/string_decoder 34ms (cache hit)
npm http fetch GET 200 https://registry.npmjs.org/end-of-stream 33ms (cache hit)
npm http fetch GET 200 https://registry.npmjs.org/bl 33ms (cache hit)
npm http fetch GET 200 https://registry.npmjs.org/fs-constants 33ms (cache hit)
npm http fetch GET 200 https://registry.npmjs.org/util-deprecate 36ms (cache hit)
npm http fetch GET 200 https://registry.npmjs.org/compress-commons 34ms (cache hit)
npm http fetch GET 200 https://registry.npmjs.org/core-util-is 15ms (cache hit)
npm http fetch GET 200 https://registry.npmjs.org/process-nextick-args 15ms (cache hit)
npm http fetch GET 200 https://registry.npmjs.org/isarray 15ms (cache hit)
npm http fetch GET 200 https://registry.npmjs.org/rimraf 7ms (cache hit)
npm http fetch GET 200 https://registry.npmjs.org/event-stream 9ms (cache hit)
npm http fetch GET 200 https://registry.npmjs.org/has-flag 6ms (cache hit)
npm http fetch GET 200 https://registry.npmjs.org/color-convert 8ms (cache hit)
npm http fetch GET 200 https://registry.npmjs.org/color-name 5ms (cache hit)
npm http fetch GET 200 https://registry.npmjs.org/is-fullwidth-code-point 13ms (cache hit)
npm http fetch GET 200 https://registry.npmjs.org/emoji-regex 15ms (cache hit)
npm http fetch GET 200 https://registry.npmjs.org/strip-ansi 14ms (cache hit)
npm http fetch GET 200 https://registry.npmjs.org/human-signals 129ms (cache hit)
npm http fetch GET 200 https://registry.npmjs.org/lodash.once 141ms (cache hit)
npm http fetch GET 200 https://registry.npmjs.org/base64-js 141ms (cache hit)
npm http fetch GET 200 https://registry.npmjs.org/ieee754 142ms (cache hit)
npm http fetch GET 200 https://registry.npmjs.org/get-stream 128ms (cache hit)
npm http fetch GET 200 https://registry.npmjs.org/get-stream 141ms (cache hit)
npm http fetch GET 200 https://registry.npmjs.org/merge-stream 135ms (cache hit)
npm http fetch GET 200 https://registry.npmjs.org/npm-run-path 136ms (cache hit)
npm http fetch GET 200 https://registry.npmjs.org/onetime 136ms (cache hit)
npm http fetch GET 200 https://registry.npmjs.org/@colors%2fcolors 147ms (cache hit)
npm http fetch GET 200 https://registry.npmjs.org/at-least-node 133ms (cache hit)
npm http fetch GET 200 https://registry.npmjs.org/@types%2fyauzl 134ms (cache hit)
npm http fetch GET 200 https://registry.npmjs.org/is-stream 141ms (cache hit)
npm http fetch GET 200 https://registry.npmjs.org/signal-exit 138ms (cache hit)
npm http fetch GET 200 https://registry.npmjs.org/restore-cursor 151ms (cache hit)
npm http fetch GET 200 https://registry.npmjs.org/global-dirs 134ms (cache hit)
npm http fetch GET 200 https://registry.npmjs.org/log-update 131ms (cache hit)
npm http fetch GET 200 https://registry.npmjs.org/is-path-inside 135ms (cache hit)
npm http fetch GET 200 https://registry.npmjs.org/cross-spawn 154ms (cache hit)
npm http fetch GET 200 https://registry.npmjs.org/cli-truncate 136ms (cache hit)
npm http fetch GET 200 https://registry.npmjs.org/ci-info 140ms (cache hit)
npm http fetch GET 200 https://registry.npmjs.org/is-unicode-supported 132ms (cache hit)
npm http fetch GET 200 https://registry.npmjs.org/strip-final-newline 147ms (cache hit)
npm http fetch GET 200 https://registry.npmjs.org/colorette 138ms (cache hit)
npm http fetch GET 200 https://registry.npmjs.org/rxjs 137ms (cache hit)
npm http fetch GET 200 https://registry.npmjs.org/p-map 143ms (cache hit)
npm http fetch GET 200 https://registry.npmjs.org/rfdc 144ms (cache hit)
npm http fetch GET 200 https://registry.npmjs.org/wrap-ansi 143ms (cache hit)
npm http fetch GET 200 https://registry.npmjs.org/lru-cache 141ms (cache hit)
npm http fetch GET 200 https://registry.npmjs.org/fd-slicer 142ms (cache hit)
npm http fetch GET 200 https://registry.npmjs.org/throttleit 144ms (cache hit)
npm http fetch GET 200 https://registry.npmjs.org/asynckit 27ms (cache hit)
npm http fetch GET 200 https://registry.npmjs.org/assert-plus 27ms (cache hit)
npm http fetch GET 200 https://registry.npmjs.org/delayed-stream 29ms (cache hit)
npm http fetch GET 200 https://registry.npmjs.org/jsprim 27ms (cache hit)
npm http fetch GET 200 https://registry.npmjs.org/psl 21ms (cache hit)
npm http fetch GET 200 https://registry.npmjs.org/sshpk 28ms (cache hit)
npm http fetch GET 200 https://registry.npmjs.org/mime-db 28ms (cache hit)
npm http fetch GET 200 https://registry.npmjs.org/side-channel 29ms (cache hit)
npm http fetch GET 200 https://registry.npmjs.org/punycode 25ms (cache hit)
npm http fetch GET 200 https://registry.npmjs.org/url-parse 25ms (cache hit)
npm http fetch GET 200 https://registry.npmjs.org/@babel%2fpreset-react 153ms (cache hit)
npm http fetch GET 200 https://registry.npmjs.org/@babel%2fplugin-proposal-object-rest-spread 156ms (cache hit)
npm http fetch GET 200 https://registry.npmjs.org/@babel%2fplugin-transform-runtime 158ms (cache hit)
npm http fetch GET 200 https://registry.npmjs.org/@babel%2fplugin-proposal-class-properties 162ms (cache hit)
npm http fetch GET 200 https://registry.npmjs.org/@babel%2fruntime 162ms (cache hit)
npm http fetch GET 200 https://registry.npmjs.org/@babel%2fcore 166ms (cache hit)
npm http fetch GET 200 https://registry.npmjs.org/babelify 164ms (cache hit)
npm http fetch GET 200 https://registry.npmjs.org/coffeeify 163ms (cache hit)
npm http fetch GET 200 https://registry.npmjs.org/coffeescript 164ms (cache hit)
npm http fetch GET 200 https://registry.npmjs.org/@babel%2fpreset-env 175ms (cache hit)
npm http fetch GET 200 https://registry.npmjs.org/watchify 176ms (cache hit)
npm http fetch GET 200 https://registry.npmjs.org/babel-plugin-add-module-exports 187ms (cache hit)
npm http fetch GET 200 https://registry.npmjs.org/get-func-name 177ms (cache hit)
npm http fetch GET 200 https://registry.npmjs.org/assertion-error 180ms (cache hit)
npm http fetch GET 200 https://registry.npmjs.org/browserify 187ms (cache hit)
npm http fetch GET 200 https://registry.npmjs.org/through2 206ms (cache hit)
npm http fetch GET 200 https://registry.npmjs.org/loupe 205ms (cache hit)
npm http fetch GET 200 https://registry.npmjs.org/braces 205ms (cache hit)
npm http fetch GET 200 https://registry.npmjs.org/check-error 210ms (cache hit)
npm http fetch GET 200 https://registry.npmjs.org/is-binary-path 207ms (cache hit)
npm http fetch GET 200 https://registry.npmjs.org/deep-eql 212ms (cache hit)
npm http fetch GET 200 https://registry.npmjs.org/lodash.clonedeep 216ms (cache hit)
npm http fetch GET 200 https://registry.npmjs.org/pathval 213ms (cache hit)
npm http fetch GET 200 https://registry.npmjs.org/is-glob 210ms (cache hit)
npm http fetch GET 200 https://registry.npmjs.org/readdirp 212ms (cache hit)
npm http fetch GET 200 https://registry.npmjs.org/is-directory 211ms (cache hit)
npm http fetch GET 200 https://registry.npmjs.org/assertion-error-formatter 211ms (cache hit)
npm http fetch GET 200 https://registry.npmjs.org/glob-parent 216ms (cache hit)
npm http fetch GET 200 https://registry.npmjs.org/fsevents 215ms (cache hit)
npm http fetch GET 200 https://registry.npmjs.org/parse-json 216ms (cache hit)
npm http fetch GET 200 https://registry.npmjs.org/cli-table 216ms (cache hit)
npm http fetch GET 200 https://registry.npmjs.org/babel-runtime 217ms (cache hit)
npm http fetch GET 200 https://registry.npmjs.org/require-from-string 220ms (cache hit)
npm http fetch GET 200 https://registry.npmjs.org/type-detect 227ms (cache hit)
npm http fetch GET 200 https://registry.npmjs.org/duration 220ms (cache hit)
npm http fetch GET 200 https://registry.npmjs.org/resolve 216ms (cache hit)
npm http fetch GET 200 https://registry.npmjs.org/indent-string 223ms (cache hit)
npm http fetch GET 200 https://registry.npmjs.org/is-generator 223ms (cache hit)
npm http fetch GET 200 https://registry.npmjs.org/stacktrace-js 219ms (cache hit)
npm http fetch GET 200 https://registry.npmjs.org/progress 223ms (cache hit)
npm http fetch GET 200 https://registry.npmjs.org/mz 224ms (cache hit)
npm http fetch GET 200 https://registry.npmjs.org/string-argv 221ms (cache hit)
npm http fetch GET 200 https://registry.npmjs.org/util-arity 216ms (cache hit)
npm http fetch GET 200 https://registry.npmjs.org/knuth-shuffle-seeded 228ms (cache hit)
npm http fetch GET 200 https://registry.npmjs.org/serialize-error 226ms (cache hit)
npm http fetch GET 200 https://registry.npmjs.org/title-case 225ms (cache hit)
npm http fetch GET 200 https://registry.npmjs.org/stack-chain 228ms (cache hit)
npm http fetch GET 200 https://registry.npmjs.org/anymatch 243ms (cache hit)
npm http fetch GET 200 https://registry.npmjs.org/becke-ch--regex--s0-0-v1--base--pl--lib 221ms (cache hit)
npm http fetch GET 200 https://registry.npmjs.org/verror 223ms (cache hit)
npm http fetch GET 200 https://registry.npmjs.org/@babel%2fcode-frame 466ms (cache hit)
npm http fetch GET 200 https://registry.npmjs.org/@babel%2fhelpers 463ms (cache hit)
npm http fetch GET 200 https://registry.npmjs.org/@babel%2fhelper-compilation-targets 467ms (cache hit)
npm http fetch GET 200 https://registry.npmjs.org/@babel%2fgenerator 469ms (cache hit)
npm http fetch GET 200 https://registry.npmjs.org/gensync 463ms (cache hit)
npm http fetch GET 200 https://registry.npmjs.org/@babel%2fhelper-module-transforms 471ms (cache hit)
npm http fetch GET 200 https://registry.npmjs.org/@ampproject%2fremapping 476ms (cache hit)
npm http fetch GET 200 https://registry.npmjs.org/@babel%2ftemplate 470ms (cache hit)
npm http fetch GET 200 https://registry.npmjs.org/convert-source-map 469ms (cache hit)
npm http fetch GET 200 https://registry.npmjs.org/@babel%2ftraverse 471ms (cache hit)
npm http fetch GET 200 https://registry.npmjs.org/@babel%2fhelper-create-class-features-plugin 468ms (cache hit)
npm http fetch GET 200 https://registry.npmjs.org/@babel%2fhelper-plugin-utils 469ms (cache hit)
npm http fetch GET 200 https://registry.npmjs.org/@babel%2fparser 477ms (cache hit)
npm http fetch GET 200 https://registry.npmjs.org/@babel%2fhelper-plugin-utils 461ms (cache hit)
npm http fetch GET 200 https://registry.npmjs.org/@babel%2fhelper-compilation-targets 466ms (cache hit)
npm http fetch GET 200 https://registry.npmjs.org/@babel%2ftypes 478ms (cache hit)
npm http fetch GET 200 https://registry.npmjs.org/@babel%2fhelper-plugin-utils 467ms (cache hit)
npm http fetch GET 200 https://registry.npmjs.org/json5 478ms (cache hit)
npm http fetch GET 200 https://registry.npmjs.org/@babel%2fplugin-syntax-object-rest-spread 467ms (cache hit)
npm http fetch GET 200 https://registry.npmjs.org/@babel%2fcompat-data 471ms (cache hit)
npm http fetch GET 200 https://registry.npmjs.org/@babel%2fcompat-data 464ms (cache hit)
npm http fetch GET 200 https://registry.npmjs.org/babel-plugin-polyfill-corejs2 467ms (cache hit)
npm http fetch GET 200 https://registry.npmjs.org/@babel%2fplugin-transform-parameters 470ms (cache hit)
npm http fetch GET 200 https://registry.npmjs.org/babel-plugin-polyfill-regenerator 468ms (cache hit)
npm http fetch GET 200 https://registry.npmjs.org/babel-plugin-polyfill-corejs3 469ms (cache hit)
npm http fetch GET 200 https://registry.npmjs.org/@babel%2fhelper-module-imports 472ms (cache hit)
npm http fetch GET 200 https://registry.npmjs.org/@babel%2fhelper-validator-option 469ms (cache hit)
npm http fetch GET 200 https://registry.npmjs.org/@babel%2fplugin-syntax-async-generators 467ms (cache hit)
npm http fetch GET 200 https://registry.npmjs.org/@babel%2fplugin-bugfix-safari-id-destructuring-collision-in-function-expression 469ms (cache hit)
npm http fetch GET 200 https://registry.npmjs.org/@babel%2fplugin-bugfix-v8-spread-parameters-in-optional-chaining 469ms (cache hit)
npm http fetch GET 200 https://registry.npmjs.org/@babel%2fplugin-syntax-class-properties 468ms (cache hit)
npm http fetch GET 200 https://registry.npmjs.org/@babel%2fplugin-proposal-private-property-in-object 469ms (cache hit)
npm http fetch GET 200 https://registry.npmjs.org/@babel%2fplugin-syntax-dynamic-import 468ms (cache hit)
npm http fetch GET 200 https://registry.npmjs.org/@babel%2fplugin-syntax-export-namespace-from 467ms (cache hit)
npm http fetch GET 200 https://registry.npmjs.org/@babel%2fplugin-syntax-class-static-block 469ms (cache hit)
npm http fetch GET 200 https://registry.npmjs.org/@babel%2fplugin-syntax-import-assertions 468ms (cache hit)
npm http fetch GET 200 https://registry.npmjs.org/@babel%2fplugin-syntax-private-property-in-object 464ms (cache hit)
npm http fetch GET 200 https://registry.npmjs.org/@babel%2fplugin-syntax-import-meta 468ms (cache hit)
npm http fetch GET 200 https://registry.npmjs.org/@babel%2fplugin-syntax-import-attributes 468ms (cache hit)
npm http fetch GET 200 https://registry.npmjs.org/@babel%2fplugin-syntax-optional-catch-binding 466ms (cache hit)
npm http fetch GET 200 https://registry.npmjs.org/@babel%2fplugin-syntax-nullish-coalescing-operator 467ms (cache hit)
npm http fetch GET 200 https://registry.npmjs.org/@babel%2fplugin-syntax-json-strings 469ms (cache hit)
npm http fetch GET 200 https://registry.npmjs.org/@babel%2fplugin-syntax-optional-chaining 467ms (cache hit)
npm http fetch GET 200 https://registry.npmjs.org/@babel%2fplugin-syntax-top-level-await 467ms (cache hit)
npm http fetch GET 200 https://registry.npmjs.org/@babel%2fplugin-transform-async-generator-functions 465ms (cache hit)
npm http fetch GET 200 https://registry.npmjs.org/@babel%2fplugin-syntax-unicode-sets-regex 466ms (cache hit)
npm http fetch GET 200 https://registry.npmjs.org/@babel%2fplugin-transform-arrow-functions 466ms (cache hit)
npm http fetch GET 200 https://registry.npmjs.org/@babel%2fplugin-transform-async-to-generator 466ms (cache hit)
npm http fetch GET 200 https://registry.npmjs.org/@babel%2fplugin-transform-block-scoping 465ms (cache hit)
npm http fetch GET 200 https://registry.npmjs.org/@babel%2fplugin-syntax-numeric-separator 473ms (cache hit)
npm http fetch GET 200 https://registry.npmjs.org/@babel%2fplugin-syntax-logical-assignment-operators 474ms (cache hit)
npm http fetch GET 200 https://registry.npmjs.org/@babel%2fplugin-transform-class-static-block 466ms (cache hit)
npm http fetch GET 200 https://registry.npmjs.org/@babel%2fplugin-transform-block-scoped-functions 468ms (cache hit)
npm http fetch GET 200 https://registry.npmjs.org/@babel%2fplugin-transform-classes 466ms (cache hit)
npm http fetch GET 200 https://registry.npmjs.org/@babel%2fplugin-transform-destructuring 466ms (cache hit)
npm http fetch GET 200 https://registry.npmjs.org/@babel%2fplugin-transform-computed-properties 468ms (cache hit)
npm http fetch GET 200 https://registry.npmjs.org/@babel%2fplugin-transform-class-properties 475ms (cache hit)
npm http fetch GET 200 https://registry.npmjs.org/@babel%2fplugin-transform-dynamic-import 465ms (cache hit)
npm http fetch GET 200 https://registry.npmjs.org/@babel%2fplugin-transform-duplicate-keys 466ms (cache hit)
npm http fetch GET 200 https://registry.npmjs.org/@babel%2fplugin-transform-exponentiation-operator 465ms (cache hit)
npm http fetch GET 200 https://registry.npmjs.org/@babel%2fplugin-transform-function-name 464ms (cache hit)
npm http fetch GET 200 https://registry.npmjs.org/@babel%2fplugin-transform-dotall-regex 469ms (cache hit)
npm http fetch GET 200 https://registry.npmjs.org/@babel%2fplugin-transform-logical-assignment-operators 462ms (cache hit)
npm http fetch GET 200 https://registry.npmjs.org/@babel%2fplugin-transform-for-of 467ms (cache hit)
npm http fetch GET 200 https://registry.npmjs.org/@babel%2fplugin-transform-json-strings 466ms (cache hit)
npm http fetch GET 200 https://registry.npmjs.org/@babel%2fplugin-transform-export-namespace-from 469ms (cache hit)
npm http fetch GET 200 https://registry.npmjs.org/@babel%2fplugin-transform-member-expression-literals 465ms (cache hit)
npm http fetch GET 200 https://registry.npmjs.org/@babel%2fplugin-transform-modules-systemjs 463ms (cache hit)
npm http fetch GET 200 https://registry.npmjs.org/@babel%2fplugin-transform-modules-umd 464ms (cache hit)
npm http fetch GET 200 https://registry.npmjs.org/@babel%2fplugin-transform-nullish-coalescing-operator 462ms (cache hit)
npm http fetch GET 200 https://registry.npmjs.org/@babel%2fplugin-transform-modules-commonjs 466ms (cache hit)
npm http fetch GET 200 https://registry.npmjs.org/@babel%2fplugin-transform-modules-amd 468ms (cache hit)
npm http fetch GET 200 https://registry.npmjs.org/@babel%2fplugin-transform-literals 471ms (cache hit)
npm http fetch GET 200 https://registry.npmjs.org/@babel%2fplugin-transform-parameters 461ms (cache hit)
npm http fetch GET 200 https://registry.npmjs.org/@babel%2fplugin-transform-new-target 467ms (cache hit)
npm http fetch GET 200 https://registry.npmjs.org/@babel%2fplugin-transform-numeric-separator 466ms (cache hit)
npm http fetch GET 200 https://registry.npmjs.org/@babel%2fplugin-transform-optional-catch-binding 464ms (cache hit)
npm http fetch GET 200 https://registry.npmjs.org/@babel%2fplugin-transform-named-capturing-groups-regex 470ms (cache hit)
npm http fetch GET 200 https://registry.npmjs.org/@babel%2fplugin-transform-object-rest-spread 467ms (cache hit)
npm http fetch GET 200 https://registry.npmjs.org/@babel%2fplugin-transform-private-methods 464ms (cache hit)
npm http fetch GET 200 https://registry.npmjs.org/@babel%2fplugin-transform-object-super 467ms (cache hit)
npm http fetch GET 200 https://registry.npmjs.org/@babel%2fplugin-transform-optional-chaining 466ms (cache hit)
npm http fetch GET 200 https://registry.npmjs.org/@babel%2fplugin-transform-private-property-in-object 465ms (cache hit)
npm http fetch GET 200 https://registry.npmjs.org/@babel%2fplugin-transform-shorthand-properties 460ms (cache hit)
npm http fetch GET 200 https://registry.npmjs.org/@babel%2fplugin-transform-regenerator 464ms (cache hit)
npm http fetch GET 200 https://registry.npmjs.org/@babel%2ftypes 456ms (cache hit)
npm http fetch GET 200 https://registry.npmjs.org/@babel%2fplugin-transform-typeof-symbol 461ms (cache hit)
npm http fetch GET 200 https://registry.npmjs.org/@babel%2fplugin-transform-spread 463ms (cache hit)
npm http fetch GET 200 https://registry.npmjs.org/@babel%2fplugin-transform-unicode-escapes 461ms (cache hit)
npm http fetch GET 200 https://registry.npmjs.org/@babel%2fplugin-transform-unicode-regex 461ms (cache hit)
npm http fetch GET 200 https://registry.npmjs.org/@babel%2fplugin-transform-reserved-words 466ms (cache hit)
npm http fetch GET 200 https://registry.npmjs.org/@babel%2fplugin-transform-unicode-property-regex 463ms (cache hit)
npm http fetch GET 200 https://registry.npmjs.org/@babel%2fplugin-transform-sticky-regex 466ms (cache hit)
npm http fetch GET 200 https://registry.npmjs.org/@babel%2fplugin-transform-property-literals 473ms (cache hit)
npm http fetch GET 200 https://registry.npmjs.org/@babel%2fpreset-modules 463ms (cache hit)
npm http fetch GET 200 https://registry.npmjs.org/@babel%2fplugin-transform-unicode-sets-regex 465ms (cache hit)
npm http fetch GET 200 https://registry.npmjs.org/@babel%2fplugin-transform-template-literals 467ms (cache hit)
npm http fetch GET 200 https://registry.npmjs.org/regenerator-runtime 461ms (cache hit)
npm http fetch GET 200 https://registry.npmjs.org/@babel%2fplugin-transform-react-pure-annotations 463ms (cache hit)
npm http fetch GET 200 https://registry.npmjs.org/@babel%2fplugin-transform-react-jsx 464ms (cache hit)
npm http fetch GET 200 https://registry.npmjs.org/@babel%2fplugin-transform-react-display-name 465ms (cache hit)
npm http fetch GET 200 https://registry.npmjs.org/@babel%2fplugin-transform-react-jsx-development 465ms (cache hit)
npm http fetch GET 200 https://registry.npmjs.org/core-js-compat 468ms (cache hit)
npm http fetch GET 200 https://registry.npmjs.org/JSONStream 465ms (cache hit)
npm http fetch GET 200 https://registry.npmjs.org/browser-pack 465ms (cache hit)
npm http fetch GET 200 https://registry.npmjs.org/assert 466ms (cache hit)
npm http fetch GET 200 https://registry.npmjs.org/browser-resolve 467ms (cache hit)
npm http fetch GET 200 https://registry.npmjs.org/constants-browserify 466ms (cache hit)
npm http fetch GET 200 https://registry.npmjs.org/browserify-zlib 469ms (cache hit)
npm http fetch GET 200 https://registry.npmjs.org/console-browserify 467ms (cache hit)
npm http fetch GET 200 https://registry.npmjs.org/crypto-browserify 467ms (cache hit)
npm http fetch GET 200 https://registry.npmjs.org/concat-stream 470ms (cache hit)
npm http fetch GET 200 https://registry.npmjs.org/cached-path-relative 476ms (cache hit)
npm http fetch GET 200 https://registry.npmjs.org/duplexer2 473ms (cache hit)
npm http fetch GET 200 https://registry.npmjs.org/domain-browser 475ms (cache hit)
npm http fetch GET 200 https://registry.npmjs.org/events 475ms (cache hit)
npm http fetch GET 200 https://registry.npmjs.org/deps-sort 476ms (cache hit)
npm http fetch GET 200 https://registry.npmjs.org/htmlescape 475ms (cache hit)
npm http fetch GET 200 https://registry.npmjs.org/has 475ms (cache hit)
npm http fetch GET 200 https://registry.npmjs.org/defined 479ms (cache hit)
npm http fetch GET 200 https://registry.npmjs.org/mkdirp-classic 470ms (cache hit)
npm http fetch GET 200 https://registry.npmjs.org/insert-module-globals 476ms (cache hit)
npm http fetch GET 200 https://registry.npmjs.org/labeled-stream-splicer 471ms (cache hit)
npm http fetch GET 200 https://registry.npmjs.org/https-browserify 478ms (cache hit)
npm http fetch GET 200 https://registry.npmjs.org/os-browserify 471ms (cache hit)
npm http fetch GET 200 https://registry.npmjs.org/path-browserify 469ms (cache hit)
npm http fetch GET 200 https://registry.npmjs.org/parents 471ms (cache hit)
npm http fetch GET 200 https://registry.npmjs.org/read-only-stream 469ms (cache hit)
npm http fetch GET 200 https://registry.npmjs.org/querystring-es3 470ms (cache hit)
npm http fetch GET 200 https://registry.npmjs.org/module-deps 473ms (cache hit)
npm http fetch GET 200 https://registry.npmjs.org/shasum 470ms (cache hit)
npm http fetch GET 200 https://registry.npmjs.org/shell-quote 471ms (cache hit)
npm http fetch GET 200 https://registry.npmjs.org/stream-browserify 470ms (cache hit)
npm http fetch GET 200 https://registry.npmjs.org/tty-browserify 469ms (cache hit)
npm http fetch GET 200 https://registry.npmjs.org/stream-http 471ms (cache hit)
npm http fetch GET 200 https://registry.npmjs.org/vm-browserify 468ms (cache hit)
npm http fetch GET 200 https://registry.npmjs.org/convert-source-map 467ms (cache hit)
npm http fetch GET 200 https://registry.npmjs.org/subarg 472ms (cache hit)
npm http fetch GET 200 https://registry.npmjs.org/timers-browserify 472ms (cache hit)
npm http fetch GET 200 https://registry.npmjs.org/syntax-error 473ms (cache hit)
npm http fetch GET 200 https://registry.npmjs.org/url 471ms (cache hit)
npm http fetch GET 200 https://registry.npmjs.org/util 472ms (cache hit)
npm http fetch GET 200 https://registry.npmjs.org/xtend 470ms (cache hit)
npm http fetch GET 200 https://registry.npmjs.org/xtend 472ms (cache hit)
npm http fetch GET 200 https://registry.npmjs.org/outpipe 470ms (cache hit)
npm http fetch GET 200 https://registry.npmjs.org/xtend 469ms (cache hit)
npm http fetch GET 200 https://registry.npmjs.org/@jridgewell%2ftrace-mapping 127ms (cache hit)
npm http fetch GET 200 https://registry.npmjs.org/@babel%2fhighlight 129ms (cache hit)
npm http fetch GET 200 https://registry.npmjs.org/@jridgewell%2fgen-mapping 130ms (cache hit)
npm http fetch GET 200 https://registry.npmjs.org/@jridgewell%2fgen-mapping 134ms (cache hit)
npm http fetch GET 200 https://registry.npmjs.org/@jridgewell%2ftrace-mapping 133ms (cache hit)
npm http fetch GET 200 https://registry.npmjs.org/@babel%2fhelper-environment-visitor 123ms (cache hit)
npm http fetch GET 200 https://registry.npmjs.org/jsesc 134ms (cache hit)
npm http fetch GET 200 https://registry.npmjs.org/@babel%2fhelper-simple-access 126ms (cache hit)
npm http fetch GET 200 https://registry.npmjs.org/@babel%2fhelper-split-export-declaration 127ms (cache hit)
npm http fetch GET 200 https://registry.npmjs.org/@babel%2fhelper-function-name 126ms (cache hit)
npm http fetch GET 200 https://registry.npmjs.org/@babel%2fhelper-hoist-variables 127ms (cache hit)
npm http fetch GET 200 https://registry.npmjs.org/@babel%2fhelper-validator-identifier 136ms (cache hit)
npm http fetch GET 200 https://registry.npmjs.org/to-fast-properties 124ms (cache hit)
npm http fetch GET 200 https://registry.npmjs.org/globals 135ms (cache hit)
npm http fetch GET 200 https://registry.npmjs.org/browserslist 152ms (cache hit)
npm http fetch GET 200 https://registry.npmjs.org/@babel%2fhelper-string-parser 138ms (cache hit)
npm http fetch GET 200 https://registry.npmjs.org/@jridgewell%2fset-array 13ms (cache hit)
npm http fetch GET 200 https://registry.npmjs.org/@jridgewell%2fresolve-uri 13ms (cache hit)
npm http fetch GET 200 https://registry.npmjs.org/@jridgewell%2fsourcemap-codec 13ms (cache hit)
npm http fetch GET 200 https://registry.npmjs.org/@jridgewell%2fsourcemap-codec 15ms (cache hit)
npm http fetch GET 200 https://registry.npmjs.org/js-tokens 6ms (cache hit)
npm http fetch GET 200 https://registry.npmjs.org/update-browserslist-db 15ms (cache hit)
npm http fetch GET 200 https://registry.npmjs.org/node-releases 19ms (cache hit)
npm http fetch GET 200 https://registry.npmjs.org/electron-to-chromium 26ms (cache hit)
npm http fetch GET 200 https://registry.npmjs.org/caniuse-lite 42ms (cache hit)
npm http fetch GET 200 https://registry.npmjs.org/yallist 49ms (cache hit)
npm http fetch GET 200 https://registry.npmjs.org/@babel%2fhelper-replace-supers 13ms (cache hit)
npm http fetch GET 200 https://registry.npmjs.org/@babel%2fhelper-optimise-call-expression 15ms (cache hit)
npm http fetch GET 200 https://registry.npmjs.org/@babel%2fhelper-annotate-as-pure 18ms (cache hit)
npm http fetch GET 200 https://registry.npmjs.org/@babel%2fhelper-member-expression-to-functions 18ms (cache hit)
npm http fetch GET 200 https://registry.npmjs.org/@babel%2fhelper-skip-transparent-expression-wrappers 17ms (cache hit)
npm http fetch GET 200 https://registry.npmjs.org/@babel%2fhelper-define-polyfill-provider 5ms (cache hit)
npm http fetch GET 200 https://registry.npmjs.org/@babel%2fhelper-create-regexp-features-plugin 40ms (cache hit)
npm http fetch GET 200 https://registry.npmjs.org/@babel%2fhelper-remap-async-to-generator 41ms (cache hit)
npm http fetch GET 200 https://registry.npmjs.org/@babel%2fhelper-create-regexp-features-plugin 42ms (cache hit)
npm http fetch GET 200 https://registry.npmjs.org/regenerator-transform 41ms (cache hit)
npm http fetch GET 200 https://registry.npmjs.org/@babel%2fhelper-remap-async-to-generator 112ms (cache hit)
npm http fetch GET 200 https://registry.npmjs.org/esutils 109ms (cache hit)
npm http fetch GET 200 https://registry.npmjs.org/@babel%2fhelper-builder-binary-assignment-operator-visitor 112ms (cache hit)
npm http fetch GET 200 https://registry.npmjs.org/regexpu-core 12ms (cache hit)
npm http fetch GET 200 https://registry.npmjs.org/@babel%2fregjsgen 16ms (cache hit)
npm http fetch GET 200 https://registry.npmjs.org/regjsparser 15ms (cache hit)
npm http fetch GET 200 https://registry.npmjs.org/regenerate 21ms (cache hit)
npm http fetch GET 200 https://registry.npmjs.org/regenerate-unicode-properties 21ms (cache hit)
npm http fetch GET 200 https://registry.npmjs.org/unicode-match-property-ecmascript 19ms (cache hit)
npm http fetch GET 200 https://registry.npmjs.org/unicode-match-property-value-ecmascript 18ms (cache hit)
npm http fetch GET 200 https://registry.npmjs.org/@babel%2fhelper-wrap-function 6ms (cache hit)
npm http fetch GET 200 https://registry.npmjs.org/@babel%2fplugin-syntax-jsx 8ms (cache hit)
npm http fetch GET 200 https://registry.npmjs.org/lodash.debounce 5ms (cache hit)
npm http fetch GET 200 https://registry.npmjs.org/supports-preserve-symlinks-flag 8ms (cache hit)
npm http fetch GET 200 https://registry.npmjs.org/is-core-module 9ms (cache hit)
npm http fetch GET 200 https://registry.npmjs.org/path-parse 9ms (cache hit)
npm http fetch GET 200 https://registry.npmjs.org/object.assign 75ms (cache hit)
npm http fetch GET 200 https://registry.npmjs.org/create-ecdh 70ms (cache hit)
npm http fetch GET 200 https://registry.npmjs.org/pako 74ms (cache hit)
npm http fetch GET 200 https://registry.npmjs.org/typedarray 73ms (cache hit)
npm http fetch GET 200 https://registry.npmjs.org/combine-source-map 77ms (cache hit)
npm http fetch GET 200 https://registry.npmjs.org/browserify-cipher 74ms (cache hit)
npm http fetch GET 200 https://registry.npmjs.org/buffer-from 76ms (cache hit)
npm http fetch GET 200 https://registry.npmjs.org/browserify-sign 74ms (cache hit)
npm http fetch GET 200 https://registry.npmjs.org/create-hmac 73ms (cache hit)
npm http fetch GET 200 https://registry.npmjs.org/pbkdf2 71ms (cache hit)
npm http fetch GET 200 https://registry.npmjs.org/umd 79ms (cache hit)
npm http fetch GET 200 https://registry.npmjs.org/combine-source-map 69ms (cache hit)
npm http fetch GET 200 https://registry.npmjs.org/create-hash 75ms (cache hit)
npm http fetch GET 200 https://registry.npmjs.org/public-encrypt 71ms (cache hit)
npm http fetch GET 200 https://registry.npmjs.org/diffie-hellman 75ms (cache hit)
npm http fetch GET 200 https://registry.npmjs.org/randombytes 72ms (cache hit)
npm http fetch GET 200 https://registry.npmjs.org/acorn-node 71ms (cache hit)
npm http fetch GET 200 https://registry.npmjs.org/randomfill 72ms (cache hit)
npm http fetch GET 200 https://registry.npmjs.org/detective 68ms (cache hit)
npm http fetch GET 200 https://registry.npmjs.org/shasum-object 73ms (cache hit)
npm http fetch GET 200 https://registry.npmjs.org/jsonparse 70ms (cache hit)
npm http fetch GET 200 https://registry.npmjs.org/is-buffer 72ms (cache hit)
npm http fetch GET 200 https://registry.npmjs.org/path-platform 68ms (cache hit)
npm http fetch GET 200 https://registry.npmjs.org/undeclared-identifiers 72ms (cache hit)
npm http fetch GET 200 https://registry.npmjs.org/stream-splicer 71ms (cache hit)
npm http fetch GET 200 https://registry.npmjs.org/json-stable-stringify 70ms (cache hit)
npm http fetch GET 200 https://registry.npmjs.org/stream-combiner2 71ms (cache hit)
npm http fetch GET 200 https://registry.npmjs.org/sha.js 70ms (cache hit)
npm http fetch GET 200 https://registry.npmjs.org/acorn-node 69ms (cache hit)
npm http fetch GET 200 https://registry.npmjs.org/builtin-status-codes 71ms (cache hit)
npm http fetch GET 200 https://registry.npmjs.org/call-bind 13ms (cache hit)
npm http fetch GET 200 https://registry.npmjs.org/has-symbols 12ms (cache hit)
npm http fetch GET 200 https://registry.npmjs.org/define-properties 13ms (cache hit)
npm http fetch GET 200 https://registry.npmjs.org/object-keys 13ms (cache hit)
npm http fetch GET 200 https://registry.npmjs.org/inline-source-map 16ms (cache hit)
npm http fetch GET 200 https://registry.npmjs.org/lodash.memoize 19ms (cache hit)
npm http fetch GET 200 https://registry.npmjs.org/source-map 20ms (cache hit)
npm http fetch GET 200 https://registry.npmjs.org/escalade 27ms (cache hit)
npm http fetch GET 200 https://registry.npmjs.org/picocolors 27ms (cache hit)
npm http fetch GET 200 https://registry.npmjs.org/is-extglob 24ms (cache hit)
npm http fetch GET 200 https://registry.npmjs.org/picomatch 29ms (cache hit)
npm http fetch GET 200 https://registry.npmjs.org/binary-extensions 26ms (cache hit)
npm http fetch GET 200 https://registry.npmjs.org/picomatch 26ms (cache hit)
npm http fetch GET 200 https://registry.npmjs.org/fill-range 31ms (cache hit)
npm http fetch GET 200 https://registry.npmjs.org/to-regex-range 13ms (cache hit)
npm http fetch GET 200 https://registry.npmjs.org/error-ex 12ms (cache hit)
npm http fetch GET 200 https://registry.npmjs.org/esprima 13ms (cache hit)
npm http fetch GET 200 https://registry.npmjs.org/argparse 15ms (cache hit)
npm http fetch GET 200 https://registry.npmjs.org/json-parse-better-errors 15ms (cache hit)
npm http fetch GET 200 https://registry.npmjs.org/browserify-aes 61ms (cache hit)
npm http fetch GET 200 https://registry.npmjs.org/browserify-des 62ms (cache hit)
npm http fetch GET 200 https://registry.npmjs.org/bn.js 58ms (cache hit)
npm http fetch GET 200 https://registry.npmjs.org/bn.js 62ms (cache hit)
npm http fetch GET 200 https://registry.npmjs.org/evp_bytestokey 63ms (cache hit)
npm http fetch GET 200 https://registry.npmjs.org/browserify-rsa 63ms (cache hit)
npm http fetch GET 200 https://registry.npmjs.org/elliptic 62ms (cache hit)
npm http fetch GET 200 https://registry.npmjs.org/ripemd160 57ms (cache hit)
npm http fetch GET 200 https://registry.npmjs.org/md5.js 61ms (cache hit)
npm http fetch GET 200 https://registry.npmjs.org/parse-asn1 64ms (cache hit)
npm http fetch GET 200 https://registry.npmjs.org/cipher-base 62ms (cache hit)
npm http fetch GET 200 https://registry.npmjs.org/cipher-base 58ms (cache hit)
npm http fetch GET 200 https://registry.npmjs.org/parse-asn1 56ms (cache hit)
npm http fetch GET 200 https://registry.npmjs.org/ripemd160 58ms (cache hit)
npm http fetch GET 200 https://registry.npmjs.org/browserify-rsa 57ms (cache hit)
npm http fetch GET 200 https://registry.npmjs.org/miller-rabin 58ms (cache hit)
npm http fetch GET 200 https://registry.npmjs.org/buffer-xor 7ms (cache hit)
npm http fetch GET 200 https://registry.npmjs.org/des.js 6ms (cache hit)
npm http fetch GET 200 https://registry.npmjs.org/minimalistic-assert 5ms (cache hit)
npm http fetch GET 200 https://registry.npmjs.org/minimalistic-crypto-utils 13ms (cache hit)
npm http fetch GET 200 https://registry.npmjs.org/brorand 15ms (cache hit)
npm http fetch GET 200 https://registry.npmjs.org/hash.js 15ms (cache hit)
npm http fetch GET 200 https://registry.npmjs.org/hmac-drbg 15ms (cache hit)
npm http fetch GET 200 https://registry.npmjs.org/asn1.js 14ms (cache hit)
npm http fetch GET 200 https://registry.npmjs.org/hash-base 5ms (cache hit)
npm http fetch GET 200 https://registry.npmjs.org/seed-random 40ms (cache hit)
npm http fetch GET 200 https://registry.npmjs.org/repeat-string 43ms (cache hit)
npm http fetch GET 200 https://registry.npmjs.org/pad-right 45ms (cache hit)
npm http fetch GET 200 https://registry.npmjs.org/es5-ext 43ms (cache hit)
npm http fetch GET 200 https://registry.npmjs.org/thenify-all 41ms (cache hit)
npm http fetch GET 200 https://registry.npmjs.org/stack-generator 42ms (cache hit)
npm http fetch GET 200 https://registry.npmjs.org/core-js 49ms (cache hit)
npm http fetch GET 200 https://registry.npmjs.org/d 52ms (cache hit)
npm http fetch GET 200 https://registry.npmjs.org/any-promise 51ms (cache hit)
npm http fetch GET 200 https://registry.npmjs.org/extsprintf 47ms (cache hit)
npm http fetch GET 200 https://registry.npmjs.org/object-assign 52ms (cache hit)
npm http fetch GET 200 https://registry.npmjs.org/stacktrace-gps 51ms (cache hit)
npm http fetch GET 200 https://registry.npmjs.org/error-stack-parser 59ms (cache hit)
npm http fetch GET 200 https://registry.npmjs.org/no-case 58ms (cache hit)
npm http fetch GET 200 https://registry.npmjs.org/upper-case 71ms (cache hit)
npm http fetch GET 200 https://registry.npmjs.org/seek-bzip 26ms (cache hit)
npm http fetch GET 200 https://registry.npmjs.org/unbzip2-stream 25ms (cache hit)
npm http fetch GET 200 https://registry.npmjs.org/file-type 32ms (cache hit)
npm http fetch GET 200 https://registry.npmjs.org/file-type 33ms (cache hit)
npm http fetch GET 200 https://registry.npmjs.org/file-type 38ms (cache hit)
npm http fetch GET 200 https://registry.npmjs.org/is-natural-number 39ms (cache hit)
npm http fetch GET 200 https://registry.npmjs.org/to-buffer 12ms (cache hit)
npm http fetch GET 200 https://registry.npmjs.org/buffer-alloc 13ms (cache hit)
npm http fetch GET 200 https://registry.npmjs.org/pinkie-promise 6ms (cache hit)
npm http fetch GET 200 https://registry.npmjs.org/fast-safe-stringify 5ms (cache hit)
npm http fetch GET 200 https://registry.npmjs.org/es6-symbol 12ms (cache hit)
npm http fetch GET 200 https://registry.npmjs.org/next-tick 12ms (cache hit)
npm http fetch GET 200 https://registry.npmjs.org/es6-iterator 14ms (cache hit)
npm http fetch GET 200 https://registry.npmjs.org/type 16ms (cache hit)
npm http fetch GET 200 https://registry.npmjs.org/ansi-regex 6ms (cache hit)
npm http fetch GET 200 https://registry.npmjs.org/ext 5ms (cache hit)
npm http fetch GET 200 https://registry.npmjs.org/path-key 14ms (cache hit)
npm http fetch GET 200 https://registry.npmjs.org/which 18ms (cache hit)
npm http fetch GET 200 https://registry.npmjs.org/pump 19ms (cache hit)
npm http fetch GET 200 https://registry.npmjs.org/path-key 18ms (cache hit)
npm http fetch GET 200 https://registry.npmjs.org/shebang-command 21ms (cache hit)
npm http fetch GET 200 https://registry.npmjs.org/mimic-fn 21ms (cache hit)
npm http fetch GET 200 https://registry.npmjs.org/isexe 6ms (cache hit)
npm http fetch GET 200 https://registry.npmjs.org/shebang-regex 8ms (cache hit)
npm http fetch GET 200 https://registry.npmjs.org/is-number 5ms (cache hit)
npm http fetch GET 200 https://registry.npmjs.org/pinkie 6ms (cache hit)
npm http fetch GET 200 https://registry.npmjs.org/wrappy 8ms (cache hit)
npm http fetch GET 200 https://registry.npmjs.org/brace-expansion 7ms (cache hit)
npm http fetch GET 200 https://registry.npmjs.org/json-schema 53ms (cache hit)
npm http fetch GET 200 https://registry.npmjs.org/safer-buffer 51ms (cache hit)
npm http fetch GET 200 https://registry.npmjs.org/asn1 54ms (cache hit)
npm http fetch GET 200 https://registry.npmjs.org/getpass 54ms (cache hit)
npm http fetch GET 200 https://registry.npmjs.org/tweetnacl 52ms (cache hit)
npm http fetch GET 200 https://registry.npmjs.org/dashdash 56ms (cache hit)
npm http fetch GET 200 https://registry.npmjs.org/jsbn 56ms (cache hit)
npm http fetch GET 200 https://registry.npmjs.org/ecc-jsbn 55ms (cache hit)
npm http fetch GET 200 https://registry.npmjs.org/bcrypt-pbkdf 56ms (cache hit)
npm http fetch GET 200 https://registry.npmjs.org/dash-ast 22ms (cache hit)
npm http fetch GET 200 https://registry.npmjs.org/get-assigned-identifiers 23ms (cache hit)
npm http fetch GET 200 https://registry.npmjs.org/acorn-walk 26ms (cache hit)
npm http fetch GET 200 https://registry.npmjs.org/acorn 28ms (cache hit)
npm http fetch GET 200 https://registry.npmjs.org/simple-concat 29ms (cache hit)
npm http fetch GET 200 https://registry.npmjs.org/sprintf-js 8ms (cache hit)
npm http fetch GET 200 https://registry.npmjs.org/aggregate-error 13ms (cache hit)
npm http fetch GET 200 https://registry.npmjs.org/ansi-escapes 15ms (cache hit)
npm http fetch GET 200 https://registry.npmjs.org/tslib 18ms (cache hit)
npm http fetch GET 200 https://registry.npmjs.org/astral-regex 6ms (cache hit)
npm http fetch GET 200 https://registry.npmjs.org/type-fest 9ms (cache hit)
npm http fetch GET 200 https://registry.npmjs.org/concat-map 6ms (cache hit)
npm http fetch GET 200 https://registry.npmjs.org/balanced-match 8ms (cache hit)
npm http fetch GET 200 https://registry.npmjs.org/path-exists 19ms (cache hit)
npm http fetch GET 200 https://registry.npmjs.org/locate-path 21ms (cache hit)
npm http fetch GET 200 https://registry.npmjs.org/camelcase 18ms (cache hit)
npm http fetch GET 200 https://registry.npmjs.org/flat 17ms (cache hit)
npm http fetch GET 200 https://registry.npmjs.org/is-plain-obj 18ms (cache hit)
npm http fetch GET 200 https://registry.npmjs.org/p-locate 5ms (cache hit)
npm http fetch GET 200 https://registry.npmjs.org/p-limit 5ms (cache hit)
npm http fetch GET 200 https://registry.npmjs.org/thenify 6ms (cache hit)
npm http fetch GET 200 https://registry.npmjs.org/easy-stack 5ms (cache hit)
npm http fetch GET 200 https://registry.npmjs.org/function-bind 14ms (cache hit)
npm http fetch GET 200 https://registry.npmjs.org/has-property-descriptors 12ms (cache hit)
npm http fetch GET 200 https://registry.npmjs.org/get-intrinsic 14ms (cache hit)
npm http fetch GET 200 https://registry.npmjs.org/define-data-property 14ms (cache hit)
npm http fetch GET 200 https://registry.npmjs.org/has-proto 5ms (cache hit)
npm http fetch GET 200 https://registry.npmjs.org/gopd 5ms (cache hit)
npm http fetch GET 200 https://registry.npmjs.org/yocto-queue 5ms (cache hit)
npm http fetch GET 200 https://registry.npmjs.org/clean-stack 5ms (cache hit)
npm http fetch GET 200 https://registry.npmjs.org/is-arrayish 10ms (cache hit)
npm http fetch GET 200 https://registry.npmjs.org/map-stream 16ms (cache hit)
npm http fetch GET 200 https://registry.npmjs.org/duplexer 19ms (cache hit)
npm http fetch GET 200 https://registry.npmjs.org/from 19ms (cache hit)
npm http fetch GET 200 https://registry.npmjs.org/pause-stream 19ms (cache hit)
npm http fetch GET 200 https://registry.npmjs.org/stream-combiner 17ms (cache hit)
npm http fetch GET 200 https://registry.npmjs.org/split 19ms (cache hit)
npm http fetch GET 200 https://registry.npmjs.org/object-inspect 13ms (cache hit)
npm http fetch GET 200 https://registry.npmjs.org/unicode-canonical-property-names-ecmascript 18ms (cache hit)
npm http fetch GET 200 https://registry.npmjs.org/unicode-property-aliases-ecmascript 18ms (cache hit)
npm http fetch GET 200 https://registry.npmjs.org/har-schema 24ms (cache hit)
npm http fetch GET 200 https://registry.npmjs.org/fast-json-stable-stringify 11ms (cache hit)
npm http fetch GET 200 https://registry.npmjs.org/uri-js 13ms (cache hit)
npm http fetch GET 200 https://registry.npmjs.org/json-schema-traverse 15ms (cache hit)
npm http fetch GET 200 https://registry.npmjs.org/fast-deep-equal 19ms (cache hit)
npm http fetch GET 200 https://registry.npmjs.org/jsonify 8ms (cache hit)
npm http fetch GET 200 https://registry.npmjs.org/stackframe 6ms (cache hit)
npm http fetch GET 200 https://registry.npmjs.org/lower-case 6ms (cache hit)
npm http fetch GET 200 https://registry.npmjs.org/requires-port 10ms (cache hit)
npm http fetch GET 200 https://registry.npmjs.org/querystringify 10ms (cache hit)
npm http fetch GET 200 https://registry.npmjs.org/unique-string 17ms (cache hit)
npm http fetch GET 200 https://registry.npmjs.org/widest-line 18ms (cache hit)
npm http fetch GET 200 https://registry.npmjs.org/write-file-atomic 17ms (cache hit)
npm http fetch GET 200 https://registry.npmjs.org/dot-prop 19ms (cache hit)
npm http fetch GET 200 https://registry.npmjs.org/ansi-align 24ms (cache hit)
npm http fetch GET 200 https://registry.npmjs.org/cli-boxes 24ms (cache hit)
npm http fetch GET 200 https://registry.npmjs.org/escape-goat 21ms (cache hit)
npm http fetch GET 200 https://registry.npmjs.org/package-json 22ms (cache hit)
npm http fetch GET 200 https://registry.npmjs.org/imurmurhash 11ms (cache hit)
npm http fetch GET 200 https://registry.npmjs.org/is-obj 12ms (cache hit)
npm http fetch GET 200 https://registry.npmjs.org/typedarray-to-buffer 11ms (cache hit)
npm http fetch GET 200 https://registry.npmjs.org/crypto-random-string 13ms (cache hit)
npm http fetch GET 200 https://registry.npmjs.org/registry-url 10ms (cache hit)
npm http fetch GET 200 https://registry.npmjs.org/registry-auth-token 12ms (cache hit)
npm http fetch GET 200 https://registry.npmjs.org/got 14ms (cache hit)
npm http fetch GET 200 https://registry.npmjs.org/decompress-response 84ms (cache hit)
npm http fetch GET 200 https://registry.npmjs.org/@szmarczak%2fhttp-timer 87ms (cache hit)
npm http fetch GET 200 https://registry.npmjs.org/p-cancelable 71ms (cache hit)
npm http fetch GET 200 https://registry.npmjs.org/duplexer3 76ms (cache hit)
npm http fetch GET 200 https://registry.npmjs.org/mimic-response 73ms (cache hit)
npm http fetch GET 200 https://registry.npmjs.org/cacheable-request 91ms (cache hit)
npm http fetch GET 200 https://registry.npmjs.org/rc 73ms (cache hit)
npm http fetch GET 200 https://registry.npmjs.org/rc 76ms (cache hit)
npm http fetch GET 200 https://registry.npmjs.org/url-parse-lax 81ms (cache hit)
npm http fetch GET 200 https://registry.npmjs.org/to-readable-stream 87ms (cache hit)
npm http fetch GET 200 https://registry.npmjs.org/lowercase-keys 90ms (cache hit)
npm http fetch GET 200 https://registry.npmjs.org/@sindresorhus%2fis 109ms (cache hit)
npm http fetch GET 200 https://registry.npmjs.org/keyv 18ms (cache hit)
npm http fetch GET 200 https://registry.npmjs.org/http-cache-semantics 20ms (cache hit)
npm http fetch GET 200 https://registry.npmjs.org/defer-to-connect 23ms (cache hit)
npm http fetch GET 200 https://registry.npmjs.org/clone-response 22ms (cache hit)
npm http fetch GET 200 https://registry.npmjs.org/responselike 19ms (cache hit)
npm http fetch GET 200 https://registry.npmjs.org/normalize-url 21ms (cache hit)
npm http fetch GET 200 https://registry.npmjs.org/prepend-http 20ms (cache hit)
npm http fetch GET 200 https://registry.npmjs.org/json-buffer 5ms (cache hit)
npm http fetch GET 200 https://registry.npmjs.org/deep-extend 8ms (cache hit)
npm http fetch GET 200 https://registry.npmjs.org/pend 8ms (cache hit)
npm http fetch GET 200 https://registry.npmjs.org/crc32-stream 6ms (cache hit)
npm http fetch GET 200 https://registry.npmjs.org/crc-32 6ms (cache hit)
npm http fetch GET 200 https://registry.npmjs.org/buffer-fill 9ms (cache hit)
npm http fetch GET 200 https://registry.npmjs.org/buffer-alloc-unsafe 9ms (cache hit)
npm http fetch GET 200 https://registry.npmjs.org/is-arguments 20ms (cache hit)
npm http fetch GET 200 https://registry.npmjs.org/which-typed-array 18ms (cache hit)
npm http fetch GET 200 https://registry.npmjs.org/is-generator-function 20ms (cache hit)
npm http fetch GET 200 https://registry.npmjs.org/is-typed-array 20ms (cache hit)
npm http fetch GET 200 https://registry.npmjs.org/available-typed-arrays 20ms (cache hit)
npm http fetch GET 200 https://registry.npmjs.org/for-each 18ms (cache hit)
npm http fetch GET 200 https://registry.npmjs.org/has-tostringtag 23ms (cache hit)
npm http fetch GET 200 https://registry.npmjs.org/is-callable 13ms (cache hit)
npm http fetch GET 200 https://registry.npmjs.org/p-try 21ms (cache hit)
npm verb reify failed optional dependency E:\cypress1\swaglabs\tmpBstackPackages\node_modules\fsevents
npm http fetch POST 200 https://registry.npmjs.org/-/npm/v1/security/advisories/bulk 2156ms
npm WARN deprecated @babel/plugin-proposal-class-properties@7.18.6: This proposal has been merged to the ECMAScript standard and thus this plugin is no longer maintained. Please use @babel/plugin-transform-class-properties instead.
npm WARN deprecated cypress-xpath@2.0.1: Package no longer supported. Contact Support at https://www.npmjs.com/support for more info.
npm WARN deprecated har-validator@5.1.5: this library is no longer supported
npm WARN deprecated @babel/plugin-proposal-object-rest-spread@7.20.7: This proposal has been merged to the ECMAScript standard and thus this plugin is no longer maintained. Please use @babel/plugin-transform-object-rest-spread instead.
npm WARN deprecated uuid@3.4.0: Please upgrade  to version 7 or higher.  Older versions may use Math.random() in certain circumstances, which is known to be problematic.  See https://v8.dev/blog/math-random for details.
npm WARN deprecated request@2.88.2: request has been deprecated, see https://github.com/request/request/issues/3142
npm WARN deprecated gherkin@5.1.0: This package is now published under @cucumber/gherkin
npm WARN deprecated cucumber-expressions@6.6.2: This package is now published under @cucumber/cucumber-expressions
npm WARN deprecated cucumber-expressions@5.0.18: This package is now published under @cucumber/cucumber-expressions
npm WARN deprecated cucumber@4.2.1: Cucumber is publishing new releases under @cucumber/cucumber
npm WARN deprecated core-js@2.6.12: core-js@<3.23.3 is no longer maintained and not recommended for usage due to the number of issues. Because of the V8 engine whims, feature detection in old core-js versions could cause a slowdown up to 100x even if nothing is polyfilled. Some versions have web compatibility issues. Please, upgrade your dependencies to the actual version of core-js.
npm info run core-js@2.6.12 postinstall node_modules/core-js node -e "try{require('./postinstall')}catch(e){}"
npm info run cypress@13.3.0 postinstall node_modules/cypress node index.js --exec install
npm info run es5-ext@0.10.62 postinstall node_modules/es5-ext  node -e "try{require('./_postinstall')}catch(e){}" || exit 0
npm info run cucumber-expressions@5.0.18 postinstall node_modules/cucumber/node_modules/cucumber-expressions node scripts/postinstall.js
npm info run core-js@2.6.12 postinstall { code: 0, signal: null }
npm info run es5-ext@0.10.62 postinstall { code: 0, signal: null }
npm info run cucumber-expressions@5.0.18 postinstall { code: 0, signal: null }
npm info run cypress@13.3.0 postinstall { code: 0, signal: null }

added 869 packages, and audited 870 packages in 23s

86 packages are looking for funding
  run `npm fund` for details

7 moderate severity vulnerabilities

To address all issues (including breaking changes), run:
  npm audit fix --force

Run `npm audit` for details.
npm verb exit 0
npm info ok 
